2022-06-07 17:09:24 INFO  TC_001:34 - getting the url
2022-06-07 17:09:27 INFO  TC_001:36 - clicking on all the radio buttons under raadio btn example
2022-06-07 17:09:27 INFO  TC_001:38 - Verifying whether the radio btn is selected
2022-06-07 17:09:29 INFO  TC_002:28 - getting the url
2022-06-07 17:09:31 INFO  TC_002:31 - Click on the radio button for Benz
2022-06-07 17:09:31 INFO  TC_002:34 - Verifying the radio btn for benz is clicked
2022-06-07 17:09:31 INFO  TC_002:37 - verifying only one radio btn is clicked
2022-06-07 17:09:32 INFO  TC_003:28 - getting the url
2022-06-07 17:09:35 INFO  TC_003:30 - Validating the option from the drop down is selectable under the title 'Select Class Example'
2022-06-07 17:09:35 INFO  TC_003:31 - Verifying whether the selected value from the drop down is displayed in the text field
2022-06-07 17:09:36 INFO  TC_004:27 - getting the url
2022-06-07 17:09:39 INFO  TC_004:30 - Validating and verifying whether multiple options can be selected  under Multiple Select Example
2022-06-07 17:09:41 INFO  TC_005:29 - getting the url
2022-06-07 17:09:44 INFO  TC_005:31 - clicking all the check boxes
2022-06-07 17:09:44 INFO  TC_005:33 - verifying all check boxes all clicked
2022-06-07 17:09:54 INFO  TC_008:28 - getting the url
2022-06-07 17:09:56 INFO  TC_008:30 - click on 'open window' btn
2022-06-07 17:09:57 INFO  TC_008:32 - verifying a new window opened on clicking 'open window' btn
2022-06-07 17:09:57 INFO  TC_008:34 - click on home link in child window
2022-06-07 17:09:58 INFO  TC_008:36 - verifying the current page is home page in child window
2022-06-07 17:09:58 INFO  TC_008:38 - closing the child window
2022-06-07 17:09:58 INFO  TC_008:40 - verifying the child window is closed
2022-06-11 17:49:34 INFO  TC_001:34 - getting the url
2022-06-11 17:49:37 INFO  TC_001:36 - clicking on all the radio buttons under raadio btn example
2022-06-11 17:49:37 INFO  TC_001:38 - Verifying whether the radio btn is selected
2022-06-11 17:49:38 INFO  TC_002:28 - getting the url
2022-06-11 17:49:40 INFO  TC_002:31 - Click on the radio button for Benz
2022-06-11 17:49:40 INFO  TC_002:34 - Verifying the radio btn for benz is clicked
2022-06-11 17:49:40 INFO  TC_002:37 - verifying only one radio btn is clicked
2022-06-11 17:49:42 INFO  TC_003:28 - getting the url
2022-06-11 17:49:44 INFO  TC_003:30 - Validating the option from the drop down is selectable under the title 'Select Class Example'
2022-06-11 17:49:44 INFO  TC_003:31 - Verifying whether the selected value from the drop down is displayed in the text field
2022-06-11 17:49:46 INFO  TC_004:27 - getting the url
2022-06-11 17:49:48 INFO  TC_004:30 - Validating and verifying whether multiple options can be selected  under Multiple Select Example
2022-06-11 17:49:50 INFO  TC_005:29 - getting the url
2022-06-11 17:49:53 INFO  TC_005:31 - clicking all the check boxes
2022-06-11 17:49:53 INFO  TC_005:33 - verifying all check boxes all clicked
2022-06-11 17:50:04 INFO  TC_008:28 - getting the url
2022-06-11 17:50:07 INFO  TC_008:30 - click on 'open window' btn
2022-06-11 17:50:07 INFO  TC_008:32 - verifying a new window opened on clicking 'open window' btn
2022-06-11 17:50:07 INFO  TC_008:34 - click on home link in child window
2022-06-11 17:50:09 INFO  TC_008:36 - verifying the current page is home page in child window
2022-06-11 17:50:09 INFO  TC_008:38 - closing the child window
2022-06-11 17:50:09 INFO  TC_008:40 - verifying the child window is closed
2022-06-11 17:55:39 INFO  TC_001:34 - getting the url
2022-06-11 17:55:41 INFO  TC_001:36 - clicking on all the radio buttons under raadio btn example
2022-06-11 17:55:41 INFO  TC_001:38 - Verifying whether the radio btn is selected
2022-06-11 17:55:43 INFO  TC_002:28 - getting the url
2022-06-11 17:55:45 INFO  TC_002:31 - Click on the radio button for Benz
2022-06-11 17:55:45 INFO  TC_002:34 - Verifying the radio btn for benz is clicked
2022-06-11 17:55:45 INFO  TC_002:37 - verifying only one radio btn is clicked
2022-06-11 17:55:47 INFO  TC_003:28 - getting the url
2022-06-11 17:55:49 INFO  TC_003:30 - Validating the option from the drop down is selectable under the title 'Select Class Example'
2022-06-11 17:55:49 INFO  TC_003:31 - Verifying whether the selected value from the drop down is displayed in the text field
2022-06-11 17:55:51 INFO  TC_004:27 - getting the url
2022-06-11 17:55:53 INFO  TC_004:30 - Validating and verifying whether multiple options can be selected  under Multiple Select Example
2022-06-11 17:55:55 INFO  TC_005:29 - getting the url
2022-06-11 17:55:58 INFO  TC_005:31 - clicking all the check boxes
2022-06-11 17:55:58 INFO  TC_005:33 - verifying all check boxes all clicked
2022-06-11 17:56:08 INFO  TC_008:28 - getting the url
2022-06-11 17:56:10 INFO  TC_008:30 - click on 'open window' btn
2022-06-11 17:56:10 INFO  TC_008:32 - verifying a new window opened on clicking 'open window' btn
2022-06-11 17:56:10 INFO  TC_008:34 - click on home link in child window
2022-06-11 17:56:12 INFO  TC_008:36 - verifying the current page is home page in child window
2022-06-11 17:56:12 INFO  TC_008:38 - closing the child window
2022-06-11 17:56:12 INFO  TC_008:40 - verifying the child window is closed
